Removed Pin From Net: NetName=GND Pin=C96-1
Removed Pin From Net: NetName=GND Pin=C97-1
Removed Pin From Net: NetName=GND Pin=C103-1
Removed Pin From Net: NetName=GND Pin=C104-1
Removed Pin From Net: NetName=GND Pin=C105-1
Removed Pin From Net: NetName=GND Pin=C106-1
Removed Pin From Net: NetName=OLED_I2C2_SDA Pin=R43-1
Removed Pin From Net: NetName=OLED_I2C2_SCL Pin=R44-1
Removed Pin From Net: NetName=GND Pin=R51-2
Removed Pin From Net: NetName=GND Pin=U16-7
Removed Pin From Net: NetName=OLED_I2C2_SCL Pin=U16-10
Removed Pin From Net: NetName=OLED_I2C2_SDA Pin=U16-11
Removed Pin From Net: NetName=GND Pin=U17-1
Removed Pin From Net: NetName=3V3 Pin=U17-3
Removed Member From Class: ClassName=Designator Member=C92
Removed Member From Class: ClassName=Designator Member=C93
Removed Member From Class: ClassName=Designator Member=C96
Removed Member From Class: ClassName=Designator Member=C97
Removed Member From Class: ClassName=Designator Member=C103
Removed Member From Class: ClassName=Designator Member=C104
Removed Member From Class: ClassName=Designator Member=C105
Removed Member From Class: ClassName=Designator Member=C106
Removed Member From Class: ClassName=Designator Member=D13
Removed Member From Class: ClassName=Designator Member=R43
Removed Member From Class: ClassName=Designator Member=R44
Removed Member From Class: ClassName=Designator Member=R51
Removed Member From Class: ClassName=Designator Member=R55
Removed Member From Class: ClassName=Designator Member=U16
Removed Member From Class: ClassName=Designator Member=U17
Add Class: Class already exists: Designator
Add Class: Class already exists: Designator
Add Class: Class already exists: Designator
Add Class: Class already exists: Designator
Add Class: Class already exists: Designator
Add Class: Class already exists: Designator
