Removed Pin From Net: NetName=SYS_JTMS_SWCLK Pin=U8-34
Removed Pin From Net: NetName=SYS_JTMS_SWCLK Pin=U29-2
Removed Pin From Net: NetName=SYS_JTMS_SWCLK Pin=U30-1
Removed Member From Class: ClassName=Designator Member=C1
Removed Member From Class: ClassName=Designator Member=C2
Removed Member From Class: ClassName=Designator Member=C3
Removed Member From Class: ClassName=Designator Member=C4
Removed Member From Class: ClassName=Designator Member=C5
Removed Member From Class: ClassName=Designator Member=C6
Removed Member From Class: ClassName=Designator Member=C7
Removed Member From Class: ClassName=Designator Member=C8
Removed Member From Class: ClassName=Designator Member=C9
Removed Member From Class: ClassName=Designator Member=C10
Removed Member From Class: ClassName=Designator Member=C11
Removed Member From Class: ClassName=Designator Member=C12
Removed Member From Class: ClassName=Designator Member=C13
Removed Member From Class: ClassName=Designator Member=C14
Removed Member From Class: ClassName=Designator Member=C15
Removed Member From Class: ClassName=Designator Member=C16
Removed Member From Class: ClassName=Designator Member=C17
Removed Member From Class: ClassName=Designator Member=C18
Removed Member From Class: ClassName=Designator Member=C19
Removed Member From Class: ClassName=Designator Member=C20
Removed Member From Class: ClassName=Designator Member=C21
Removed Member From Class: ClassName=Designator Member=C22
Removed Member From Class: ClassName=Designator Member=C23
Removed Member From Class: ClassName=Designator Member=C24
Removed Member From Class: ClassName=Designator Member=C25
Removed Member From Class: ClassName=Designator Member=C26
Removed Member From Class: ClassName=Designator Member=C27
Removed Member From Class: ClassName=Designator Member=C28
Removed Member From Class: ClassName=Designator Member=C29
Removed Member From Class: ClassName=Designator Member=C30
Removed Member From Class: ClassName=Designator Member=C31
Removed Member From Class: ClassName=Designator Member=C32
Removed Member From Class: ClassName=Designator Member=C33
Removed Member From Class: ClassName=Designator Member=C34
Removed Member From Class: ClassName=Designator Member=C35
Removed Member From Class: ClassName=Designator Member=C36
Removed Member From Class: ClassName=Designator Member=C37
Removed Member From Class: ClassName=Designator Member=C38
Removed Member From Class: ClassName=Designator Member=C39
Removed Member From Class: ClassName=Designator Member=C40
Removed Member From Class: ClassName=Designator Member=C41
Removed Member From Class: ClassName=Designator Member=C42
Removed Member From Class: ClassName=Designator Member=C43
Removed Member From Class: ClassName=Designator Member=C44
Removed Member From Class: ClassName=Designator Member=C45
Removed Member From Class: ClassName=Designator Member=C46
Removed Member From Class: ClassName=Designator Member=C47
Removed Member From Class: ClassName=Designator Member=C48
Removed Member From Class: ClassName=Designator Member=C49
Removed Member From Class: ClassName=Designator Member=C50
Removed Member From Class: ClassName=Designator Member=C51
Removed Member From Class: ClassName=Designator Member=C52
Removed Member From Class: ClassName=Designator Member=C53
Removed Member From Class: ClassName=Designator Member=C54
Removed Member From Class: ClassName=Designator Member=C55
Removed Member From Class: ClassName=Designator Member=C56
Removed Member From Class: ClassName=Designator Member=C57
Removed Member From Class: ClassName=Designator Member=C58
Removed Member From Class: ClassName=Designator Member=C59
Removed Member From Class: ClassName=Designator Member=C60
Removed Member From Class: ClassName=Designator Member=C61
Removed Member From Class: ClassName=Designator Member=C62
Removed Member From Class: ClassName=Designator Member=C63
Removed Member From Class: ClassName=Designator Member=C64
Removed Member From Class: ClassName=Designator Member=C65
Removed Member From Class: ClassName=Designator Member=C66
Removed Member From Class: ClassName=Designator Member=C67
Removed Member From Class: ClassName=Designator Member=C68
Removed Member From Class: ClassName=Designator Member=C69
Removed Member From Class: ClassName=Designator Member=C70
Removed Member From Class: ClassName=Designator Member=C71
Removed Member From Class: ClassName=Designator Member=C72
Removed Member From Class: ClassName=Designator Member=C73
Removed Member From Class: ClassName=Designator Member=C74
Removed Member From Class: ClassName=Designator Member=C75
Removed Member From Class: ClassName=Designator Member=C76
Removed Member From Class: ClassName=Designator Member=C77
Removed Member From Class: ClassName=Designator Member=C78
Removed Member From Class: ClassName=Designator Member=C79
Removed Member From Class: ClassName=Designator Member=C80
Removed Member From Class: ClassName=Designator Member=C81
Removed Member From Class: ClassName=Designator Member=C82
Removed Member From Class: ClassName=Designator Member=C83
Removed Member From Class: ClassName=Designator Member=C84
Removed Member From Class: ClassName=Designator Member=C85
Removed Member From Class: ClassName=Designator Member=C86
Removed Member From Class: ClassName=Designator Member=C87
Removed Member From Class: ClassName=Designator Member=C88
Removed Member From Class: ClassName=Designator Member=C89
Removed Member From Class: ClassName=Designator Member=C90
Removed Member From Class: ClassName=Designator Member=C91
Removed Member From Class: ClassName=Designator Member=C119
Removed Member From Class: ClassName=Designator Member=C120
Removed Member From Class: ClassName=Designator Member=C121
Removed Member From Class: ClassName=Designator Member=C122
Removed Member From Class: ClassName=Designator Member=C123
Removed Member From Class: ClassName=Designator Member=C124
Removed Member From Class: ClassName=Designator Member=C125
Removed Member From Class: ClassName=Designator Member=C126
Removed Member From Class: ClassName=Designator Member=C127
Removed Member From Class: ClassName=Designator Member=C128
Removed Member From Class: ClassName=Designator Member=C129
Removed Member From Class: ClassName=Designator Member=C130
Removed Member From Class: ClassName=Designator Member=C131
Removed Member From Class: ClassName=Designator Member=CN1
Removed Member From Class: ClassName=Designator Member=CN2
Removed Member From Class: ClassName=Designator Member=CN3
Removed Member From Class: ClassName=Designator Member=CN4
Removed Member From Class: ClassName=Designator Member=D1
Removed Member From Class: ClassName=Designator Member=D2
Removed Member From Class: ClassName=Designator Member=D3
Removed Member From Class: ClassName=Designator Member=D4
Removed Member From Class: ClassName=Designator Member=D5
Removed Member From Class: ClassName=Designator Member=D6
Removed Member From Class: ClassName=Designator Member=D7
Removed Member From Class: ClassName=Designator Member=D8
Removed Member From Class: ClassName=Designator Member=D19
Removed Member From Class: ClassName=Designator Member=D20
Removed Member From Class: ClassName=Designator Member=D21
Removed Member From Class: ClassName=Designator Member=D22
Removed Member From Class: ClassName=Designator Member=D23
Removed Member From Class: ClassName=Designator Member=D24
Removed Member From Class: ClassName=Designator Member=D25
Removed Member From Class: ClassName=Designator Member=D26
Removed Member From Class: ClassName=Designator Member=D27
Removed Member From Class: ClassName=Designator Member=D28
Removed Member From Class: ClassName=Designator Member=D29
Removed Member From Class: ClassName=Designator Member=D30
Removed Member From Class: ClassName=Designator Member=D?
Removed Member From Class: ClassName=Designator Member=J1
Removed Member From Class: ClassName=Designator Member=J2
Removed Member From Class: ClassName=Designator Member=J3
Removed Member From Class: ClassName=Designator Member=J4
Removed Member From Class: ClassName=Designator Member=J5
Removed Member From Class: ClassName=Designator Member=J6
Removed Member From Class: ClassName=Designator Member=J7
Removed Member From Class: ClassName=Designator Member=J8
Removed Member From Class: ClassName=Designator Member=J9
Removed Member From Class: ClassName=Designator Member=J10
Removed Member From Class: ClassName=Designator Member=L1
Removed Member From Class: ClassName=Designator Member=L2
Removed Member From Class: ClassName=Designator Member=L3
Removed Member From Class: ClassName=Designator Member=L4
Removed Member From Class: ClassName=Designator Member=L5
Removed Member From Class: ClassName=Designator Member=LD1
Removed Member From Class: ClassName=Designator Member=Q1
Removed Member From Class: ClassName=Designator Member=Q2
Removed Member From Class: ClassName=Designator Member=Q3
Removed Member From Class: ClassName=Designator Member=Q4
Removed Member From Class: ClassName=Designator Member=Q5
Removed Member From Class: ClassName=Designator Member=Q7
Removed Member From Class: ClassName=Designator Member=Q8
Removed Member From Class: ClassName=Designator Member=Q9
Removed Member From Class: ClassName=Designator Member=Q10
Removed Member From Class: ClassName=Designator Member=Q11
Removed Member From Class: ClassName=Designator Member=Q12
Removed Member From Class: ClassName=Designator Member=Q13
Removed Member From Class: ClassName=Designator Member=Q14
Removed Member From Class: ClassName=Designator Member=Q15
Removed Member From Class: ClassName=Designator Member=Q16
Removed Member From Class: ClassName=Designator Member=Q17
Removed Member From Class: ClassName=Designator Member=Q18
Removed Member From Class: ClassName=Designator Member=Q19
Removed Member From Class: ClassName=Designator Member=Q20
Removed Member From Class: ClassName=Designator Member=Q21
Removed Member From Class: ClassName=Designator Member=Q22
Removed Member From Class: ClassName=Designator Member=Q23
Removed Member From Class: ClassName=Designator Member=Q24
Removed Member From Class: ClassName=Designator Member=Q25
Removed Member From Class: ClassName=Designator Member=Q26
Removed Member From Class: ClassName=Designator Member=Q27
Removed Member From Class: ClassName=Designator Member=Q28
Removed Member From Class: ClassName=Designator Member=Q29
Removed Member From Class: ClassName=Designator Member=Q30
Removed Member From Class: ClassName=Designator Member=R1
Removed Member From Class: ClassName=Designator Member=R2
Removed Member From Class: ClassName=Designator Member=R3
Removed Member From Class: ClassName=Designator Member=R4
Removed Member From Class: ClassName=Designator Member=R5
Removed Member From Class: ClassName=Designator Member=R6
Removed Member From Class: ClassName=Designator Member=R7
Removed Member From Class: ClassName=Designator Member=R8
Removed Member From Class: ClassName=Designator Member=R9
Removed Member From Class: ClassName=Designator Member=R10
Removed Member From Class: ClassName=Designator Member=R11
Removed Member From Class: ClassName=Designator Member=R12
Removed Member From Class: ClassName=Designator Member=R13
Removed Member From Class: ClassName=Designator Member=R14
Removed Member From Class: ClassName=Designator Member=R15
Removed Member From Class: ClassName=Designator Member=R16
Removed Member From Class: ClassName=Designator Member=R17
Removed Member From Class: ClassName=Designator Member=R18
Removed Member From Class: ClassName=Designator Member=R19
Removed Member From Class: ClassName=Designator Member=R20
Removed Member From Class: ClassName=Designator Member=R21
Removed Member From Class: ClassName=Designator Member=R22
Removed Member From Class: ClassName=Designator Member=R23
Removed Member From Class: ClassName=Designator Member=R24
Removed Member From Class: ClassName=Designator Member=R25
Removed Member From Class: ClassName=Designator Member=R26
Removed Member From Class: ClassName=Designator Member=R27
Removed Member From Class: ClassName=Designator Member=R28
Removed Member From Class: ClassName=Designator Member=R29
Removed Member From Class: ClassName=Designator Member=R30
Removed Member From Class: ClassName=Designator Member=R31
Removed Member From Class: ClassName=Designator Member=R32
Removed Member From Class: ClassName=Designator Member=R33
Removed Member From Class: ClassName=Designator Member=R34
Removed Member From Class: ClassName=Designator Member=R35
Removed Member From Class: ClassName=Designator Member=R36
Removed Member From Class: ClassName=Designator Member=R37
Removed Member From Class: ClassName=Designator Member=R38
Removed Member From Class: ClassName=Designator Member=R39
Removed Member From Class: ClassName=Designator Member=R40
Removed Member From Class: ClassName=Designator Member=R80
Removed Member From Class: ClassName=Designator Member=R81
Removed Member From Class: ClassName=Designator Member=R82
Removed Member From Class: ClassName=Designator Member=R83
Removed Member From Class: ClassName=Designator Member=R84
Removed Member From Class: ClassName=Designator Member=R85
Removed Member From Class: ClassName=Designator Member=R86
Removed Member From Class: ClassName=Designator Member=R87
Removed Member From Class: ClassName=Designator Member=R88
Removed Member From Class: ClassName=Designator Member=R89
Removed Member From Class: ClassName=Designator Member=R90
Removed Member From Class: ClassName=Designator Member=R91
Removed Member From Class: ClassName=Designator Member=R92
Removed Member From Class: ClassName=Designator Member=R93
Removed Member From Class: ClassName=Designator Member=R94
Removed Member From Class: ClassName=Designator Member=R95
Removed Member From Class: ClassName=Designator Member=R96
Removed Member From Class: ClassName=Designator Member=R97
Removed Member From Class: ClassName=Designator Member=SB1
Removed Member From Class: ClassName=Designator Member=SB2
Removed Member From Class: ClassName=Designator Member=SB3
Removed Member From Class: ClassName=Designator Member=SB4
Removed Member From Class: ClassName=Designator Member=SB5
Removed Member From Class: ClassName=Designator Member=SB6
Removed Member From Class: ClassName=Designator Member=SB7
Removed Member From Class: ClassName=Designator Member=SB8
Removed Member From Class: ClassName=Designator Member=SB9
Removed Member From Class: ClassName=Designator Member=SB10
Removed Member From Class: ClassName=Designator Member=SW1
Removed Member From Class: ClassName=Designator Member=SW2
Removed Member From Class: ClassName=Designator Member=TP1
Removed Member From Class: ClassName=Designator Member=TP2
Removed Member From Class: ClassName=Designator Member=U1
Removed Member From Class: ClassName=Designator Member=U2
Removed Member From Class: ClassName=Designator Member=U3
Removed Member From Class: ClassName=Designator Member=U4
Removed Member From Class: ClassName=Designator Member=U5
Removed Member From Class: ClassName=Designator Member=U6
Removed Member From Class: ClassName=Designator Member=U7
Removed Member From Class: ClassName=Designator Member=U8
Removed Member From Class: ClassName=Designator Member=U9
Removed Member From Class: ClassName=Designator Member=U10
Removed Member From Class: ClassName=Designator Member=U11
Removed Member From Class: ClassName=Designator Member=U12
Removed Member From Class: ClassName=Designator Member=U13
Removed Member From Class: ClassName=Designator Member=U14
Removed Member From Class: ClassName=Designator Member=U15
Removed Member From Class: ClassName=Designator Member=U27
Removed Member From Class: ClassName=Designator Member=U28
Removed Member From Class: ClassName=Designator Member=U29
Removed Member From Class: ClassName=Designator Member=U30
Removed Member From Class: ClassName=Designator Member=U31
Removed Member From Class: ClassName=Designator Member=U32
Removed Member From Class: ClassName=Designator Member=U33
Removed Member From Class: ClassName=Designator Member=USB1
Removed Member From Class: ClassName=Designator Member=X1
Removed Member From Class: ClassName=Designator Member=X2
Removed Member From Class: ClassName=Designator Member=X?
Added Component: Designator=Logo1(TI_Symbol_Overlay_Small)
Add component (AddParameter): Name = "ClassName"; Value = "Logo"; VariantName = "[No Variations]"
Add component (AddParameter): Name = "LatestRevisionDate"; Value = "2012-05-17"; VariantName = "[No Variations]"
Add component (AddParameter): Name = "LatestRevisionNote"; Value = "Changed publisher"; VariantName = "[No Variations]"
Add component (AddParameter): Name = "Published"; Value = "2009-03-03"; VariantName = "[No Variations]"
Add component (AddParameter): Name = "Publisher"; Value = "Texas Instruments"; VariantName = "[No Variations]"
Add component (AddParameter): Name = "SymbolCreator"; Value = "codlsc"; VariantName = "[No Variations]"
Add component (AddParameter): Name = "SymbolVersion"; Value = "2011-08-22"; VariantName = "[No Variations]"
Change Net Color : Old Net Color=RGB(253, 241, 1) New Net Color=Default
Change Net Color : Old Net Color=White New Net Color=Default
Added Pin To Net: NetName=SYS_JTMS_SWDIO Pin=U8-34
Added Pin To Net: NetName=SYS_JTMS_SWDIO Pin=U29-2
Added Pin To Net: NetName=SYS_JTMS_SWDIO Pin=U30-1
Added Net: Name=SYS_JTMS_SWDIO
Add Class: Class already exists: Designator
Add Class: Class already exists: Designator
Add Class: Class already exists: Designator
Add Class: Class already exists: Designator
Add Class: Class already exists: Designator
Add Class: Class already exists: Designator
