Removed Pin From Net: NetName=3.3V Pin=D9-C
Removed Pin From Net: NetName=3.3V Pin=D10-C
Removed Pin From Net: NetName=3.3V Pin=D11-C
Removed Pin From Net: NetName=3.3V Pin=D12-C
Removed Pin From Net: NetName=3.3V Pin=D13-C
Removed Pin From Net: NetName=3.3V Pin=D14-C
Removed Pin From Net: NetName=3.3V Pin=D15-C
Removed Pin From Net: NetName=3.3V Pin=D16-C
Removed Pin From Net: NetName=3.3V Pin=D17-1
Removed Pin From Net: NetName=3.3V Pin=R46-1
Removed Pin From Net: NetName=3.3V Pin=R47-1
Removed Pin From Net: NetName=3.3V Pin=R48-2
Removed Pin From Net: NetName=3.3V Pin=R49-2
Removed Pin From Net: NetName=3.3V Pin=R58-1
Removed Pin From Net: NetName=3.3V Pin=R59-1
Removed Pin From Net: NetName=3.3V Pin=R60-2
Removed Pin From Net: NetName=3.3V Pin=R61-2
Removed Pin From Net: NetName=3.3V Pin=R71-2
Removed Pin From Net: NetName=3.3V Pin=R72-2
Removed Pin From Net: NetName=3.3V Pin=R75-2
Removed Pin From Net: NetName=3.3V Pin=R76-2
Removed Pin From Net: NetName=3.3V Pin=U20-1
Removed Pin From Net: NetName=3.3V Pin=U22-5
Removed Pin From Net: NetName=3.3V Pin=U23-2
Removed Pin From Net: NetName=3.3V Pin=U24-2
Added Pin To Net: NetName=3V3 Pin=D9-C
Added Pin To Net: NetName=3V3 Pin=D10-C
Added Pin To Net: NetName=3V3 Pin=D11-C
Added Pin To Net: NetName=3V3 Pin=D12-C
Added Pin To Net: NetName=3V3 Pin=D13-C
Added Pin To Net: NetName=3V3 Pin=D14-C
Added Pin To Net: NetName=3V3 Pin=D15-C
Added Pin To Net: NetName=3V3 Pin=D16-C
Added Pin To Net: NetName=3V3 Pin=D17-1
Add Pin To Net: Unknown Pin: Pin Q25-5
Added Pin To Net: NetName=3V3 Pin=R46-1
Added Pin To Net: NetName=3V3 Pin=R47-1
Added Pin To Net: NetName=3V3 Pin=R48-2
Added Pin To Net: NetName=3V3 Pin=R49-2
Added Pin To Net: NetName=3V3 Pin=R58-1
Added Pin To Net: NetName=3V3 Pin=R59-1
Added Pin To Net: NetName=3V3 Pin=R60-2
Added Pin To Net: NetName=3V3 Pin=R61-2
Added Pin To Net: NetName=3V3 Pin=R71-2
Added Pin To Net: NetName=3V3 Pin=R72-2
Added Pin To Net: NetName=3V3 Pin=R75-2
Added Pin To Net: NetName=3V3 Pin=R76-2
Added Pin To Net: NetName=3V3 Pin=U20-1
Added Pin To Net: NetName=3V3 Pin=U22-5
Added Pin To Net: NetName=3V3 Pin=U23-2
Added Pin To Net: NetName=3V3 Pin=U24-2
Add Class: Class already exists: Designator
Add Class: Class already exists: Designator
Add Class: Class already exists: Designator
Add Class: Class already exists: Designator
Add Class: Class already exists: Designator
Add Class: Class already exists: Designator
